# JRE version: OpenJDK Runtime Environment (21.0.8) (build 21.0.8+-14196175-b1038.72)
# Java VM: OpenJDK 64-Bit Server VM (21.0.8+-14196175-b1038.72, mixed mode, tiered, compressed oops, compressed class ptrs, g1 gc, windows-amd64)
GC Precious Log:
 CardTable entry size: 512
 Card Set container configuration: InlinePtr #cards 4 size 8 Array Of Cards #cards 16 size 48 Howl #buckets 8 coarsen threshold 3686 Howl Bitmap #cards 512 size 80 coarsen threshold 460 Card regions per heap region 1 cards per card region 4096
 CPUs: 4 total, 4 available
 Memory: 3819M
 Large Page Support: Disabled
 NUMA Support: Disabled
 Compressed Oops: Enabled (Zero based)
 Heap Region Size: 2M
 Heap Min Capacity: 8M
 Heap Initial Capacity: 60M
 Heap Max Capacity: 4G
 Pre-touch: Disabled
 Parallel Workers: 4
 Concurrent Workers: 1
 Concurrent Refinement Workers: 4
 Periodic GC: Disabled
Heap:
 garbage-first heap   total 444416K, used 193046K [0x0000000700000000, 0x0000000800000000)
  region size 2048K, 2 young (4096K), 2 survivors (4096K)
 Metaspace       used 185949K, committed 188800K, reserved 622592K
  class space    used 24276K, committed 26176K, reserved 425984K
GC Heap History (20 events):
Event: 9536.137 GC heap after
{Heap after GC invocations=155 (full 2):
 garbage-first heap   total 444416K, used 147715K [0x0000000700000000, 0x0000000800000000)
  region size 2048K, 4 young (8192K), 4 survivors (8192K)
 Metaspace       used 185533K, committed 188800K, reserved 622592K
  class space    used 24256K, committed 26176K, reserved 425984K
}
Event: 9536.604 GC heap before
{Heap before GC invocations=155 (full 2):
 garbage-first heap   total 444416K, used 180483K [0x0000000700000000, 0x0000000800000000)
  region size 2048K, 10 young (20480K), 4 survivors (8192K)
 Metaspace       used 185539K, committed 188800K, reserved 622592K
  class space    used 24256K, committed 26176K, reserved 425984K
}
Event: 9536.633 GC heap after
{Heap after GC invocations=156 (full 2):
 garbage-first heap   total 444416K, used 145045K [0x0000000700000000, 0x0000000800000000)
  region size 2048K, 1 young (2048K), 1 survivors (2048K)
 Metaspace       used 185539K, committed 188800K, reserved 622592K
  class space    used 24256K, committed 26176K, reserved 425984K
}
Event: 9601.156 GC heap before
{Heap before GC invocations=156 (full 2):
 garbage-first heap   total 444416K, used 294549K [0x0000000700000000, 0x0000000800000000)
  region size 2048K, 75 young (153600K), 1 survivors (2048K)
 Metaspace       used 185691K, committed 188800K, reserved 622592K
  class space    used 24263K, committed 26176K, reserved 425984K
}
Event: 9601.262 GC heap after
{Heap after GC invocations=157 (full 2):
 garbage-first heap   total 444416K, used 158273K [0x0000000700000000, 0x0000000800000000)
  region size 2048K, 8 young (16384K), 8 survivors (16384K)
 Metaspace       used 185691K, committed 188800K, reserved 622592K
  class space    used 24263K, committed 26176K, reserved 425984K
}
Event: 9616.262 GC heap before
{Heap before GC invocations=158 (full 2):
 garbage-first heap   total 444416K, used 170561K [0x0000000700000000, 0x0000000800000000)
  region size 2048K, 14 young (28672K), 8 survivors (16384K)
 Metaspace       used 185692K, committed 188800K, reserved 622592K
  class space    used 24263K, committed 26176K, reserved 425984K
}
Event: 9616.282 GC heap after
{Heap after GC invocations=159 (full 2):
 garbage-first heap   total 444416K, used 148463K [0x0000000700000000, 0x0000000800000000)
  region size 2048K, 1 young (2048K), 1 survivors (2048K)
 Metaspace       used 185692K, committed 188800K, reserved 622592K
  class space    used 24263K, committed 26176K, reserved 425984K
}
Event: 11761.461 GC heap before
{Heap before GC invocations=159 (full 2):
 garbage-first heap   total 444416K, used 222191K [0x0000000700000000, 0x0000000800000000)
  region size 2048K, 38 young (77824K), 1 survivors (2048K)
 Metaspace       used 185728K, committed 188800K, reserved 622592K
  class space    used 24266K, committed 26176K, reserved 425984K
}
Event: 11761.790 GC heap after
{Heap after GC invocations=160 (full 2):
 garbage-first heap   total 444416K, used 147793K [0x0000000700000000, 0x0000000800000000)
  region size 2048K, 1 young (2048K), 1 survivors (2048K)
 Metaspace       used 185728K, committed 188800K, reserved 622592K
  class space    used 24266K, committed 26176K, reserved 425984K
}
Event: 11773.883 GC heap before
{Heap before GC invocations=160 (full 2):
 garbage-first heap   total 444416K, used 221521K [0x0000000700000000, 0x0000000800000000)
  region size 2048K, 39 young (79872K), 1 survivors (2048K)
 Metaspace       used 185852K, committed 188800K, reserved 622592K
  class space    used 24271K, committed 26176K, reserved 425984K
}
Event: 11774.093 GC heap after
{Heap after GC invocations=161 (full 2):
 garbage-first heap   total 444416K, used 157893K [0x0000000700000000, 0x0000000800000000)
  region size 2048K, 6 young (12288K), 6 survivors (12288K)
 Metaspace       used 185852K, committed 188800K, reserved 622592K
  class space    used 24271K, committed 26176K, reserved 425984K
}
Event: 11776.648 GC heap before
{Heap before GC invocations=161 (full 2):
 garbage-first heap   total 444416K, used 239813K [0x0000000700000000, 0x0000000800000000)
  region size 2048K, 42 young (86016K), 6 survivors (12288K)
 Metaspace       used 185887K, committed 188800K, reserved 622592K
  class space    used 24272K, committed 26176K, reserved 425984K
}
Event: 11777.291 GC heap after
{Heap after GC invocations=162 (full 2):
 garbage-first heap   total 444416K, used 188997K [0x0000000700000000, 0x0000000800000000)
  region size 2048K, 6 young (12288K), 6 survivors (12288K)
 Metaspace       used 185887K, committed 188800K, reserved 622592K
  class space    used 24272K, committed 26176K, reserved 425984K
}
Event: 11777.407 GC heap before
{Heap before GC invocations=162 (full 2):
 garbage-first heap   total 444416K, used 197189K [0x0000000700000000, 0x0000000800000000)
  region size 2048K, 10 young (20480K), 6 survivors (12288K)
 Metaspace       used 185887K, committed 188800K, reserved 622592K
  class space    used 24272K, committed 26176K, reserved 425984K
}
Event: 11777.532 GC heap after
{Heap after GC invocations=163 (full 2):
 garbage-first heap   total 444416K, used 192672K [0x0000000700000000, 0x0000000800000000)
  region size 2048K, 1 young (2048K), 1 survivors (2048K)
 Metaspace       used 185887K, committed 188800K, reserved 622592K
  class space    used 24272K, committed 26176K, reserved 425984K
}
Event: 11788.503 GC heap before
{Heap before GC invocations=163 (full 2):
 garbage-first heap   total 444416K, used 262304K [0x0000000700000000, 0x0000000800000000)
  region size 2048K, 24 young (49152K), 1 survivors (2048K)
 Metaspace       used 185902K, committed 188800K, reserved 622592K
  class space    used 24273K, committed 26176K, reserved 425984K
}
Event: 11788.757 GC heap after
{Heap after GC invocations=164 (full 2):
 garbage-first heap   total 444416K, used 194720K [0x0000000700000000, 0x0000000800000000)
  region size 2048K, 3 young (6144K), 3 survivors (6144K)
 Metaspace       used 185902K, committed 188800K, reserved 622592K
  class space    used 24273K, committed 26176K, reserved 425984K
}
Event: 11795.743 GC heap before
{Heap before GC invocations=165 (full 2):
 garbage-first heap   total 444416K, used 243872K [0x0000000700000000, 0x0000000800000000)
  region size 2048K, 28 young (57344K), 3 survivors (6144K)
 Metaspace       used 185936K, committed 188800K, reserved 622592K
  class space    used 24273K, committed 26176K, reserved 425984K
}
Event: 11795.928 GC heap after
{Heap after GC invocations=166 (full 2):
 garbage-first heap   total 444416K, used 193376K [0x0000000700000000, 0x0000000800000000)
  region size 2048K, 1 young (2048K), 1 survivors (2048K)
 Metaspace       used 185936K, committed 188800K, reserved 622592K
  class space    used 24273K, committed 26176K, reserved 425984K
}
Event: 11805.262 GC heap before
{Heap before GC invocations=166 (full 2):
 garbage-first heap   total 444416K, used 211808K [0x0000000700000000, 0x0000000800000000)
  region size 2048K, 10 young (20480K), 1 survivors (2048K)
 Metaspace       used 185949K, committed 188800K, reserved 622592K
  class space    used 24276K, committed 26176K, reserved 425984K
}

